<?xml version="1.0" encoding="UTF-8"?>
<!-- Generated by org.testng.reporters.JUnitReportReporter -->
<testsuite skipped="0" hostname="HDC1-D-C80TXJ2" name="ExcelFiles.ReadData" tests="1" failures="0" timestamp="12 Feb 2019 06:51:50 GMT" time="106.659" errors="0">
  <testcase name="f" time="106.659" classname="ExcelFiles.ReadData"/>
</testsuite> <!-- ExcelFiles.ReadData -->
