<?xml version="1.0" encoding="UTF-8"?>
<!-- Generated by org.testng.reporters.JUnitReportReporter -->
<testsuite skipped="0" hostname="HDC1-D-C80TXJ2" name="actionsDemos.ActionDemos1" tests="2" failures="0" timestamp="11 Feb 2019 14:02:43 GMT" time="38.213" errors="0">
  <testcase name="mouseActionsforAboutUs" time="17.750" classname="actionsDemos.ActionDemos1"/>
  <testcase name="mouseActionsforAllCategories" time="20.463" classname="actionsDemos.ActionDemos1"/>
</testsuite> <!-- actionsDemos.ActionDemos1 -->
