<?xml version="1.0" encoding="UTF-8"?>
<!-- Generated by org.testng.reporters.JUnitReportReporter -->
<testsuite skipped="0" hostname="HDC1-D-C80TXJ2" name="actionsDemos.COntrolHoldFunctions" tests="1" failures="0" timestamp="11 Feb 2019 09:27:16 GMT" time="42.915" errors="0">
  <testcase name="controlHoldActions" time="42.915" classname="actionsDemos.COntrolHoldFunctions"/>
</testsuite> <!-- actionsDemos.COntrolHoldFunctions -->
