<?xml version="1.0" encoding="UTF-8"?>
<!-- Generated by org.testng.reporters.JUnitReportReporter -->
<testsuite skipped="0" hostname="HDC1-D-C80TXJ2" name="RobotClass.ActionDemos1" tests="1" failures="0" timestamp="12 Feb 2019 04:14:20 GMT" time="71.162" errors="0">
  <testcase name="ActionDemos" time="71.162" classname="RobotClass.ActionDemos1"/>
</testsuite> <!-- RobotClass.ActionDemos1 -->
