<?xml version="1.0" encoding="UTF-8"?>
<!-- Generated by org.testng.reporters.JUnitReportReporter -->
<testsuite skipped="0" hostname="HDC1-D-C80TXJ2" name="RobotClass.UploadFile" tests="1" failures="0" timestamp="12 Feb 2019 04:35:00 GMT" time="39.758" errors="0">
  <testcase name="f" time="39.758" classname="RobotClass.UploadFile"/>
</testsuite> <!-- RobotClass.UploadFile -->
