<?xml version="1.0" encoding="UTF-8"?>
<!-- Generated by org.testng.reporters.JUnitReportReporter -->
<testsuite skipped="0" hostname="HDC1-D-C80TXJ2" name="actionsDemos.JavaScriptAlert" tests="1" failures="0" timestamp="11 Feb 2019 11:47:30 GMT" time="79.686" errors="0">
  <testcase name="f" time="79.686" classname="actionsDemos.JavaScriptAlert"/>
</testsuite> <!-- actionsDemos.JavaScriptAlert -->
