<?xml version="1.0" encoding="UTF-8"?>
<!-- Generated by org.testng.reporters.JUnitReportReporter -->
<testsuite skipped="0" hostname="HDC1-D-C80TXJ2" name="actionsDemos.CheckJavaScript" tests="1" failures="0" timestamp="11 Feb 2019 12:08:38 GMT" time="19.291" errors="0">
  <testcase name="f" time="19.291" classname="actionsDemos.CheckJavaScript"/>
</testsuite> <!-- actionsDemos.CheckJavaScript -->
