<?xml version="1.0" encoding="UTF-8"?>
<!-- Generated by org.testng.reporters.JUnitReportReporter -->
<testsuite skipped="0" hostname="HDC1-D-C80TXJ2" name="actionsDemos.Assignment1" tests="1" failures="0" timestamp="11 Feb 2019 10:36:39 GMT" time="42.358" errors="0">
  <testcase name="assignment1" time="42.358" classname="actionsDemos.Assignment1"/>
</testsuite> <!-- actionsDemos.Assignment1 -->
