<?xml version="1.0" encoding="UTF-8"?>
<!-- Generated by org.testng.reporters.JUnitReportReporter -->
<testsuite skipped="0" hostname="HDC1-D-C80TXJ2" name="actionsDemos.ScreenShots" tests="1" failures="0" timestamp="11 Feb 2019 10:08:48 GMT" time="21.617" errors="0">
  <testcase name="takingScreenShots" time="21.617" classname="actionsDemos.ScreenShots"/>
</testsuite> <!-- actionsDemos.ScreenShots -->
